# JRE version: Java(TM) SE Runtime Environment (8.0_291-b10) (build 1.8.0_291-b10)
# Java VM: Java HotSpot(TM) 64-Bit Server VM (25.291-b10 mixed mode windows-amd64 compressed oops)
Heap:
 PSYoungGen      total 362496K, used 67465K [0x00000000d5580000, 0x00000000ef300000, 0x0000000100000000)
  eden space 301568K, 5% used [0x00000000d5580000,0x00000000d64b5f58,0x00000000e7c00000)
  from space 60928K, 85% used [0x00000000e7c00000,0x00000000eaeac4a8,0x00000000eb780000)
  to   space 51712K, 0% used [0x00000000ec080000,0x00000000ec080000,0x00000000ef300000)
 ParOldGen       total 354304K, used 57531K [0x0000000080000000, 0x0000000095a00000, 0x00000000d5580000)
  object space 354304K, 16% used [0x0000000080000000,0x000000008382ec78,0x0000000095a00000)
 Metaspace       used 99208K, capacity 104919K, committed 105240K, reserved 1140736K
  class space    used 12974K, capacity 13970K, committed 14104K, reserved 1048576K
GC Heap History (10 events):
Event: 440.031 GC heap before
{Heap before GC invocations=22 (full 4):
 PSYoungGen      total 331776K, used 270848K [0x00000000d5580000, 0x00000000eec00000, 0x0000000100000000)
  eden space 270848K, 100% used [0x00000000d5580000,0x00000000e5e00000,0x00000000e5e00000)
  from space 60928K, 0% used [0x00000000e5e00000,0x00000000e5e00000,0x00000000e9980000)
  to   space 58368K, 0% used [0x00000000eb300000,0x00000000eb300000,0x00000000eec00000)
 ParOldGen       total 354304K, used 57491K [0x0000000080000000, 0x0000000095a00000, 0x00000000d5580000)
  object space 354304K, 16% used [0x0000000080000000,0x0000000083824c78,0x0000000095a00000)
 Metaspace       used 95403K, capacity 100519K, committed 102040K, reserved 1136640K
  class space    used 12693K, capacity 13600K, committed 13976K, reserved 1048576K
Event: 440.066 GC heap after
Heap after GC invocations=22 (full 4):
 PSYoungGen      total 355840K, used 38670K [0x00000000d5580000, 0x00000000ef000000, 0x0000000100000000)
  eden space 297472K, 0% used [0x00000000d5580000,0x00000000d5580000,0x00000000e7800000)
  from space 58368K, 66% used [0x00000000eb300000,0x00000000ed8c3ac8,0x00000000eec00000)
  to   space 60416K, 0% used [0x00000000e7800000,0x00000000e7800000,0x00000000eb300000)
 ParOldGen       total 354304K, used 57499K [0x0000000080000000, 0x0000000095a00000, 0x00000000d5580000)
  object space 354304K, 16% used [0x0000000080000000,0x0000000083826c78,0x0000000095a00000)
 Metaspace       used 95403K, capacity 100519K, committed 102040K, reserved 1136640K
  class space    used 12693K, capacity 13600K, committed 13976K, reserved 1048576K
}
Event: 1295.759 GC heap before
{Heap before GC invocations=23 (full 4):
 PSYoungGen      total 355840K, used 336142K [0x00000000d5580000, 0x00000000ef000000, 0x0000000100000000)
  eden space 297472K, 100% used [0x00000000d5580000,0x00000000e7800000,0x00000000e7800000)
  from space 58368K, 66% used [0x00000000eb300000,0x00000000ed8c3ac8,0x00000000eec00000)
  to   space 60416K, 0% used [0x00000000e7800000,0x00000000e7800000,0x00000000eb300000)
 ParOldGen       total 354304K, used 57499K [0x0000000080000000, 0x0000000095a00000, 0x00000000d5580000)
  object space 354304K, 16% used [0x0000000080000000,0x0000000083826c78,0x0000000095a00000)
 Metaspace       used 96359K, capacity 101689K, committed 102808K, reserved 1138688K
  class space    used 12747K, capacity 13687K, committed 13976K, reserved 1048576K
Event: 1295.779 GC heap after
Heap after GC invocations=23 (full 4):
 PSYoungGen      total 357888K, used 7658K [0x00000000d5580000, 0x00000000f0580000, 0x0000000100000000)
  eden space 297472K, 0% used [0x00000000d5580000,0x00000000d5580000,0x00000000e7800000)
  from space 60416K, 12% used [0x00000000e7800000,0x00000000e7f7aac8,0x00000000eb300000)
  to   space 59904K, 0% used [0x00000000ecb00000,0x00000000ecb00000,0x00000000f0580000)
 ParOldGen       total 354304K, used 57507K [0x0000000080000000, 0x0000000095a00000, 0x00000000d5580000)
  object space 354304K, 16% used [0x0000000080000000,0x0000000083828c78,0x0000000095a00000)
 Metaspace       used 96359K, capacity 101689K, committed 102808K, reserved 1138688K
  class space    used 12747K, capacity 13687K, committed 13976K, reserved 1048576K
}
Event: 1436.721 GC heap before
{Heap before GC invocations=24 (full 4):
 PSYoungGen      total 357888K, used 305130K [0x00000000d5580000, 0x00000000f0580000, 0x0000000100000000)
  eden space 297472K, 100% used [0x00000000d5580000,0x00000000e7800000,0x00000000e7800000)
  from space 60416K, 12% used [0x00000000e7800000,0x00000000e7f7aac8,0x00000000eb300000)
  to   space 59904K, 0% used [0x00000000ecb00000,0x00000000ecb00000,0x00000000f0580000)
 ParOldGen       total 354304K, used 57507K [0x0000000080000000, 0x0000000095a00000, 0x00000000d5580000)
  object space 354304K, 16% used [0x0000000080000000,0x0000000083828c78,0x0000000095a00000)
 Metaspace       used 96825K, capacity 102207K, committed 103448K, reserved 1138688K
  class space    used 12761K, capacity 13734K, committed 14104K, reserved 1048576K
Event: 1436.753 GC heap after
Heap after GC invocations=24 (full 4):
 PSYoungGen      total 377856K, used 43205K [0x00000000d5580000, 0x00000000f0800000, 0x0000000100000000)
  eden space 317952K, 0% used [0x00000000d5580000,0x00000000d5580000,0x00000000e8c00000)
  from space 59904K, 72% used [0x00000000ecb00000,0x00000000ef531430,0x00000000f0580000)
  to   space 63488K, 0% used [0x00000000e8c00000,0x00000000e8c00000,0x00000000eca00000)
 ParOldGen       total 354304K, used 57515K [0x0000000080000000, 0x0000000095a00000, 0x00000000d5580000)
  object space 354304K, 16% used [0x0000000080000000,0x000000008382ac78,0x0000000095a00000)
 Metaspace       used 96825K, capacity 102207K, committed 103448K, reserved 1138688K
  class space    used 12761K, capacity 13734K, committed 14104K, reserved 1048576K
}
Event: 1984.494 GC heap before
{Heap before GC invocations=25 (full 4):
 PSYoungGen      total 377856K, used 361156K [0x00000000d5580000, 0x00000000f0800000, 0x0000000100000000)
  eden space 317952K, 99% used [0x00000000d5580000,0x00000000e8bffec0,0x00000000e8c00000)
  from space 59904K, 72% used [0x00000000ecb00000,0x00000000ef531430,0x00000000f0580000)
  to   space 63488K, 0% used [0x00000000e8c00000,0x00000000e8c00000,0x00000000eca00000)
 ParOldGen       total 354304K, used 57515K [0x0000000080000000, 0x0000000095a00000, 0x00000000d5580000)
  object space 354304K, 16% used [0x0000000080000000,0x000000008382ac78,0x0000000095a00000)
 Metaspace       used 97224K, capacity 102677K, committed 103704K, reserved 1138688K
  class space    used 12778K, capacity 13759K, committed 14104K, reserved 1048576K
Event: 1984.543 GC heap after
Heap after GC invocations=25 (full 4):
 PSYoungGen      total 322560K, used 12539K [0x00000000d5580000, 0x00000000efd00000, 0x0000000100000000)
  eden space 309760K, 0% used [0x00000000d5580000,0x00000000d5580000,0x00000000e8400000)
  from space 12800K, 97% used [0x00000000e8c00000,0x00000000e983eff0,0x00000000e9880000)
  to   space 61952K, 0% used [0x00000000ec080000,0x00000000ec080000,0x00000000efd00000)
 ParOldGen       total 354304K, used 57515K [0x0000000080000000, 0x0000000095a00000, 0x00000000d5580000)
  object space 354304K, 16% used [0x0000000080000000,0x000000008382ac78,0x0000000095a00000)
 Metaspace       used 97224K, capacity 102677K, committed 103704K, reserved 1138688K
  class space    used 12778K, capacity 13759K, committed 14104K, reserved 1048576K
}
Event: 2346.585 GC heap before
{Heap before GC invocations=26 (full 4):
 PSYoungGen      total 322560K, used 322299K [0x00000000d5580000, 0x00000000efd00000, 0x0000000100000000)
  eden space 309760K, 100% used [0x00000000d5580000,0x00000000e8400000,0x00000000e8400000)
  from space 12800K, 97% used [0x00000000e8c00000,0x00000000e983eff0,0x00000000e9880000)
  to   space 61952K, 0% used [0x00000000ec080000,0x00000000ec080000,0x00000000efd00000)
 ParOldGen       total 354304K, used 57515K [0x0000000080000000, 0x0000000095a00000, 0x00000000d5580000)
  object space 354304K, 16% used [0x0000000080000000,0x000000008382ac78,0x0000000095a00000)
 Metaspace       used 98429K, capacity 104041K, committed 104472K, reserved 1140736K
  class space    used 12901K, capacity 13889K, committed 14104K, reserved 1048576K
Event: 2346.607 GC heap after
Heap after GC invocations=26 (full 4):
 PSYoungGen      total 353280K, used 10708K [0x00000000d5580000, 0x00000000ef300000, 0x0000000100000000)
  eden space 301568K, 0% used [0x00000000d5580000,0x00000000d5580000,0x00000000e7c00000)
  from space 51712K, 20% used [0x00000000ec080000,0x00000000ecaf5198,0x00000000ef300000)
  to   space 60928K, 0% used [0x00000000e7c00000,0x00000000e7c00000,0x00000000eb780000)
 ParOldGen       total 354304K, used 57523K [0x0000000080000000, 0x0000000095a00000, 0x00000000d5580000)
  object space 354304K, 16% used [0x0000000080000000,0x000000008382cc78,0x0000000095a00000)
 Metaspace       used 98429K, capacity 104041K, committed 104472K, reserved 1140736K
  class space    used 12901K, capacity 13889K, committed 14104K, reserved 1048576K
}

