# JRE version: Java(TM) SE Runtime Environment (8.0_291-b10) (build 1.8.0_291-b10)
# Java VM: Java HotSpot(TM) 64-Bit Server VM (25.291-b10 mixed mode windows-amd64 compressed oops)
Heap:
 PSYoungGen      total 231936K, used 74178K [0x00000000d5580000, 0x00000000e5d00000, 0x0000000100000000)
  eden space 206336K, 35% used [0x00000000d5580000,0x00000000d9df08b0,0x00000000e1f00000)
  from space 25600K, 0% used [0x00000000e4400000,0x00000000e4400000,0x00000000e5d00000)
  to   space 31744K, 0% used [0x00000000e1f00000,0x00000000e1f00000,0x00000000e3e00000)
 ParOldGen       total 354816K, used 59657K [0x0000000080000000, 0x0000000095a80000, 0x00000000d5580000)
  object space 354816K, 16% used [0x0000000080000000,0x0000000083a42458,0x0000000095a80000)
 Metaspace       used 94697K, capacity 99736K, committed 101632K, reserved 1136640K
  class space    used 12665K, capacity 13678K, committed 14080K, reserved 1048576K
GC Heap History (10 events):
Event: 24.494 GC heap before
{Heap before GC invocations=14 (full 3):
 PSYoungGen      total 207360K, used 190464K [0x00000000d5580000, 0x00000000e4c00000, 0x0000000100000000)
  eden space 190464K, 100% used [0x00000000d5580000,0x00000000e0f80000,0x00000000e0f80000)
  from space 16896K, 0% used [0x00000000e2300000,0x00000000e2300000,0x00000000e3380000)
  to   space 19968K, 0% used [0x00000000e0f80000,0x00000000e0f80000,0x00000000e2300000)
 ParOldGen       total 231424K, used 33530K [0x0000000080000000, 0x000000008e200000, 0x00000000d5580000)
  object space 231424K, 14% used [0x0000000080000000,0x00000000820beb40,0x000000008e200000)
 Metaspace       used 67769K, capacity 71270K, committed 71424K, reserved 1110016K
  class space    used 9479K, capacity 10162K, committed 10240K, reserved 1048576K
Event: 24.518 GC heap after
Heap after GC invocations=14 (full 3):
 PSYoungGen      total 210432K, used 16751K [0x00000000d5580000, 0x00000000e5780000, 0x0000000100000000)
  eden space 190464K, 0% used [0x00000000d5580000,0x00000000d5580000,0x00000000e0f80000)
  from space 19968K, 83% used [0x00000000e0f80000,0x00000000e1fdbf00,0x00000000e2300000)
  to   space 21504K, 0% used [0x00000000e4280000,0x00000000e4280000,0x00000000e5780000)
 ParOldGen       total 231424K, used 33602K [0x0000000080000000, 0x000000008e200000, 0x00000000d5580000)
  object space 231424K, 14% used [0x0000000080000000,0x00000000820d0b50,0x000000008e200000)
 Metaspace       used 67769K, capacity 71270K, committed 71424K, reserved 1110016K
  class space    used 9479K, capacity 10162K, committed 10240K, reserved 1048576K
}
Event: 30.433 GC heap before
{Heap before GC invocations=15 (full 3):
 PSYoungGen      total 210432K, used 207215K [0x00000000d5580000, 0x00000000e5780000, 0x0000000100000000)
  eden space 190464K, 100% used [0x00000000d5580000,0x00000000e0f80000,0x00000000e0f80000)
  from space 19968K, 83% used [0x00000000e0f80000,0x00000000e1fdbf00,0x00000000e2300000)
  to   space 21504K, 0% used [0x00000000e4280000,0x00000000e4280000,0x00000000e5780000)
 ParOldGen       total 231424K, used 33602K [0x0000000080000000, 0x000000008e200000, 0x00000000d5580000)
  object space 231424K, 14% used [0x0000000080000000,0x00000000820d0b50,0x000000008e200000)
 Metaspace       used 79542K, capacity 84392K, committed 84736K, reserved 1122304K
  class space    used 11128K, capacity 11973K, committed 12032K, reserved 1048576K
Event: 30.465 GC heap after
Heap after GC invocations=15 (full 3):
 PSYoungGen      total 238592K, used 21473K [0x00000000d5580000, 0x00000000e5c80000, 0x0000000100000000)
  eden space 217088K, 0% used [0x00000000d5580000,0x00000000d5580000,0x00000000e2980000)
  from space 21504K, 99% used [0x00000000e4280000,0x00000000e5778650,0x00000000e5780000)
  to   space 25600K, 0% used [0x00000000e2980000,0x00000000e2980000,0x00000000e4280000)
 ParOldGen       total 231424K, used 38294K [0x0000000080000000, 0x000000008e200000, 0x00000000d5580000)
  object space 231424K, 16% used [0x0000000080000000,0x0000000082565b08,0x000000008e200000)
 Metaspace       used 79542K, capacity 84392K, committed 84736K, reserved 1122304K
  class space    used 11128K, capacity 11973K, committed 12032K, reserved 1048576K
}
Event: 881.301 GC heap before
{Heap before GC invocations=16 (full 3):
 PSYoungGen      total 238592K, used 238561K [0x00000000d5580000, 0x00000000e5c80000, 0x0000000100000000)
  eden space 217088K, 100% used [0x00000000d5580000,0x00000000e2980000,0x00000000e2980000)
  from space 21504K, 99% used [0x00000000e4280000,0x00000000e5778650,0x00000000e5780000)
  to   space 25600K, 0% used [0x00000000e2980000,0x00000000e2980000,0x00000000e4280000)
 ParOldGen       total 231424K, used 38294K [0x0000000080000000, 0x000000008e200000, 0x00000000d5580000)
  object space 231424K, 16% used [0x0000000080000000,0x0000000082565b08,0x000000008e200000)
 Metaspace       used 87723K, capacity 93442K, committed 93696K, reserved 1130496K
  class space    used 11878K, capacity 12942K, committed 13056K, reserved 1048576K
Event: 881.336 GC heap after
Heap after GC invocations=16 (full 3):
 PSYoungGen      total 237056K, used 25572K [0x00000000d5580000, 0x00000000e6400000, 0x0000000100000000)
  eden space 211456K, 0% used [0x00000000d5580000,0x00000000d5580000,0x00000000e2400000)
  from space 25600K, 99% used [0x00000000e2980000,0x00000000e4279320,0x00000000e4280000)
  to   space 32768K, 0% used [0x00000000e4400000,0x00000000e4400000,0x00000000e6400000)
 ParOldGen       total 231424K, used 47648K [0x0000000080000000, 0x000000008e200000, 0x00000000d5580000)
  object space 231424K, 20% used [0x0000000080000000,0x0000000082e88138,0x000000008e200000)
 Metaspace       used 87723K, capacity 93442K, committed 93696K, reserved 1130496K
  class space    used 11878K, capacity 12942K, committed 13056K, reserved 1048576K
}
Event: 886.865 GC heap before
{Heap before GC invocations=17 (full 3):
 PSYoungGen      total 237056K, used 113589K [0x00000000d5580000, 0x00000000e6400000, 0x0000000100000000)
  eden space 211456K, 41% used [0x00000000d5580000,0x00000000dab74378,0x00000000e2400000)
  from space 25600K, 99% used [0x00000000e2980000,0x00000000e4279320,0x00000000e4280000)
  to   space 32768K, 0% used [0x00000000e4400000,0x00000000e4400000,0x00000000e6400000)
 ParOldGen       total 231424K, used 47648K [0x0000000080000000, 0x000000008e200000, 0x00000000d5580000)
  object space 231424K, 20% used [0x0000000080000000,0x0000000082e88138,0x000000008e200000)
 Metaspace       used 92270K, capacity 98470K, committed 98560K, reserved 1134592K
  class space    used 12564K, capacity 13741K, committed 13824K, reserved 1048576K
Event: 886.895 GC heap after
Heap after GC invocations=17 (full 3):
 PSYoungGen      total 231936K, used 17256K [0x00000000d5580000, 0x00000000e5d00000, 0x0000000100000000)
  eden space 206336K, 0% used [0x00000000d5580000,0x00000000d5580000,0x00000000e1f00000)
  from space 25600K, 67% used [0x00000000e4400000,0x00000000e54da308,0x00000000e5d00000)
  to   space 31744K, 0% used [0x00000000e1f00000,0x00000000e1f00000,0x00000000e3e00000)
 ParOldGen       total 231424K, used 63324K [0x0000000080000000, 0x000000008e200000, 0x00000000d5580000)
  object space 231424K, 27% used [0x0000000080000000,0x0000000083dd7108,0x000000008e200000)
 Metaspace       used 92270K, capacity 98470K, committed 98560K, reserved 1134592K
  class space    used 12564K, capacity 13741K, committed 13824K, reserved 1048576K
}
Event: 886.895 GC heap before
{Heap before GC invocations=18 (full 4):
 PSYoungGen      total 231936K, used 17256K [0x00000000d5580000, 0x00000000e5d00000, 0x0000000100000000)
  eden space 206336K, 0% used [0x00000000d5580000,0x00000000d5580000,0x00000000e1f00000)
  from space 25600K, 67% used [0x00000000e4400000,0x00000000e54da308,0x00000000e5d00000)
  to   space 31744K, 0% used [0x00000000e1f00000,0x00000000e1f00000,0x00000000e3e00000)
 ParOldGen       total 231424K, used 63324K [0x0000000080000000, 0x000000008e200000, 0x00000000d5580000)
  object space 231424K, 27% used [0x0000000080000000,0x0000000083dd7108,0x000000008e200000)
 Metaspace       used 92270K, capacity 98470K, committed 98560K, reserved 1134592K
  class space    used 12564K, capacity 13741K, committed 13824K, reserved 1048576K
Event: 887.216 GC heap after
Heap after GC invocations=18 (full 4):
 PSYoungGen      total 231936K, used 0K [0x00000000d5580000, 0x00000000e5d00000, 0x0000000100000000)
  eden space 206336K, 0% used [0x00000000d5580000,0x00000000d5580000,0x00000000e1f00000)
  from space 25600K, 0% used [0x00000000e4400000,0x00000000e4400000,0x00000000e5d00000)
  to   space 31744K, 0% used [0x00000000e1f00000,0x00000000e1f00000,0x00000000e3e00000)
 ParOldGen       total 354816K, used 59657K [0x0000000080000000, 0x0000000095a80000, 0x00000000d5580000)
  object space 354816K, 16% used [0x0000000080000000,0x0000000083a42458,0x0000000095a80000)
 Metaspace       used 91679K, capacity 96702K, committed 98560K, reserved 1134592K
  class space    used 12368K, capacity 13405K, committed 13824K, reserved 1048576K
}

