# JRE version: Java(TM) SE Runtime Environment (8.0_291-b10) (build 1.8.0_291-b10)
# Java VM: Java HotSpot(TM) 64-Bit Server VM (25.291-b10 mixed mode windows-amd64 compressed oops)
Heap:
 PSYoungGen      total 624128K, used 238221K [0x00000000d5580000, 0x0000000100000000, 0x0000000100000000)
  eden space 587264K, 40% used [0x00000000d5580000,0x00000000e3b437e8,0x00000000f9300000)
  from space 36864K, 7% used [0x00000000fb700000,0x00000000fb9e0010,0x00000000fdb00000)
  to   space 36864K, 0% used [0x00000000f9300000,0x00000000f9300000,0x00000000fb700000)
 ParOldGen       total 285184K, used 70066K [0x0000000080000000, 0x0000000091680000, 0x00000000d5580000)
  object space 285184K, 24% used [0x0000000080000000,0x000000008446cb48,0x0000000091680000)
 Metaspace       used 98621K, capacity 104082K, committed 105572K, reserved 1140736K
  class space    used 13062K, capacity 14131K, committed 14464K, reserved 1048576K
GC Heap History (10 events):
Event: 109.980 GC heap before
{Heap before GC invocations=24 (full 3):
 PSYoungGen      total 486400K, used 10965K [0x00000000d5580000, 0x00000000f5b00000, 0x0000000100000000)
  eden space 450560K, 2% used [0x00000000d5580000,0x00000000d5f83368,0x00000000f0d80000)
  from space 35840K, 1% used [0x00000000f3180000,0x00000000f3232388,0x00000000f5480000)
  to   space 36864K, 0% used [0x00000000f0d80000,0x00000000f0d80000,0x00000000f3180000)
 ParOldGen       total 226304K, used 93342K [0x0000000080000000, 0x000000008dd00000, 0x00000000d5580000)
  object space 226304K, 41% used [0x0000000080000000,0x0000000085b279f8,0x000000008dd00000)
 Metaspace       used 93161K, capacity 99542K, committed 99812K, reserved 1134592K
  class space    used 12625K, capacity 13795K, committed 13824K, reserved 1048576K
Event: 109.987 GC heap after
Heap after GC invocations=24 (full 3):
 PSYoungGen      total 487424K, used 672K [0x00000000d5580000, 0x00000000fdb00000, 0x0000000100000000)
  eden space 450560K, 0% used [0x00000000d5580000,0x00000000d5580000,0x00000000f0d80000)
  from space 36864K, 1% used [0x00000000f0d80000,0x00000000f0e28000,0x00000000f3180000)
  to   space 36864K, 0% used [0x00000000fb700000,0x00000000fb700000,0x00000000fdb00000)
 ParOldGen       total 226304K, used 93574K [0x0000000080000000, 0x000000008dd00000, 0x00000000d5580000)
  object space 226304K, 41% used [0x0000000080000000,0x0000000085b619f8,0x000000008dd00000)
 Metaspace       used 93161K, capacity 99542K, committed 99812K, reserved 1134592K
  class space    used 12625K, capacity 13795K, committed 13824K, reserved 1048576K
}
Event: 110.049 GC heap before
{Heap before GC invocations=25 (full 3):
 PSYoungGen      total 487424K, used 7137K [0x00000000d5580000, 0x00000000fdb00000, 0x0000000100000000)
  eden space 450560K, 1% used [0x00000000d5580000,0x00000000d5bd05b8,0x00000000f0d80000)
  from space 36864K, 1% used [0x00000000f0d80000,0x00000000f0e28000,0x00000000f3180000)
  to   space 36864K, 0% used [0x00000000fb700000,0x00000000fb700000,0x00000000fdb00000)
 ParOldGen       total 226304K, used 93574K [0x0000000080000000, 0x000000008dd00000, 0x00000000d5580000)
  object space 226304K, 41% used [0x0000000080000000,0x0000000085b619f8,0x000000008dd00000)
 Metaspace       used 93503K, capacity 99834K, committed 99888K, reserved 1136640K
  class space    used 12672K, capacity 13821K, committed 13824K, reserved 1048576K
Event: 110.056 GC heap after
Heap after GC invocations=25 (full 3):
 PSYoungGen      total 624128K, used 852K [0x00000000d5580000, 0x00000000fdb00000, 0x0000000100000000)
  eden space 587264K, 0% used [0x00000000d5580000,0x00000000d5580000,0x00000000f9300000)
  from space 36864K, 2% used [0x00000000fb700000,0x00000000fb7d52f8,0x00000000fdb00000)
  to   space 36864K, 0% used [0x00000000f9300000,0x00000000f9300000,0x00000000fb700000)
 ParOldGen       total 226304K, used 93718K [0x0000000080000000, 0x000000008dd00000, 0x00000000d5580000)
  object space 226304K, 41% used [0x0000000080000000,0x0000000085b859f8,0x000000008dd00000)
 Metaspace       used 93503K, capacity 99834K, committed 99888K, reserved 1136640K
  class space    used 12672K, capacity 13821K, committed 13824K, reserved 1048576K
}
Event: 110.056 GC heap before
{Heap before GC invocations=26 (full 4):
 PSYoungGen      total 624128K, used 852K [0x00000000d5580000, 0x00000000fdb00000, 0x0000000100000000)
  eden space 587264K, 0% used [0x00000000d5580000,0x00000000d5580000,0x00000000f9300000)
  from space 36864K, 2% used [0x00000000fb700000,0x00000000fb7d52f8,0x00000000fdb00000)
  to   space 36864K, 0% used [0x00000000f9300000,0x00000000f9300000,0x00000000fb700000)
 ParOldGen       total 226304K, used 93718K [0x0000000080000000, 0x000000008dd00000, 0x00000000d5580000)
  object space 226304K, 41% used [0x0000000080000000,0x0000000085b859f8,0x000000008dd00000)
 Metaspace       used 93503K, capacity 99834K, committed 99888K, reserved 1136640K
  class space    used 12672K, capacity 13821K, committed 13824K, reserved 1048576K
Event: 110.277 GC heap after
Heap after GC invocations=26 (full 4):
 PSYoungGen      total 624128K, used 0K [0x00000000d5580000, 0x00000000fdb00000, 0x0000000100000000)
  eden space 587264K, 0% used [0x00000000d5580000,0x00000000d5580000,0x00000000f9300000)
  from space 36864K, 0% used [0x00000000fb700000,0x00000000fb700000,0x00000000fdb00000)
  to   space 36864K, 0% used [0x00000000f9300000,0x00000000f9300000,0x00000000fb700000)
 ParOldGen       total 285184K, used 59555K [0x0000000080000000, 0x0000000091680000, 0x00000000d5580000)
  object space 285184K, 20% used [0x0000000080000000,0x0000000083a28d60,0x0000000091680000)
 Metaspace       used 92677K, capacity 97492K, committed 99888K, reserved 1136640K
  class space    used 12398K, capacity 13352K, committed 13824K, reserved 1048576K
}
Event: 113.518 GC heap before
{Heap before GC invocations=27 (full 4):
 PSYoungGen      total 624128K, used 587264K [0x00000000d5580000, 0x00000000fdb00000, 0x0000000100000000)
  eden space 587264K, 100% used [0x00000000d5580000,0x00000000f9300000,0x00000000f9300000)
  from space 36864K, 0% used [0x00000000fb700000,0x00000000fb700000,0x00000000fdb00000)
  to   space 36864K, 0% used [0x00000000f9300000,0x00000000f9300000,0x00000000fb700000)
 ParOldGen       total 285184K, used 59555K [0x0000000080000000, 0x0000000091680000, 0x00000000d5580000)
  object space 285184K, 20% used [0x0000000080000000,0x0000000083a28d60,0x0000000091680000)
 Metaspace       used 97069K, capacity 102404K, committed 104164K, reserved 1138688K
  class space    used 12904K, capacity 13952K, committed 14336K, reserved 1048576K
Event: 113.665 GC heap after
Heap after GC invocations=27 (full 4):
 PSYoungGen      total 624128K, used 20586K [0x00000000d5580000, 0x00000000fdb00000, 0x0000000100000000)
  eden space 587264K, 0% used [0x00000000d5580000,0x00000000d5580000,0x00000000f9300000)
  from space 36864K, 55% used [0x00000000f9300000,0x00000000fa71aad8,0x00000000fb700000)
  to   space 36864K, 0% used [0x00000000fb700000,0x00000000fb700000,0x00000000fdb00000)
 ParOldGen       total 285184K, used 59563K [0x0000000080000000, 0x0000000091680000, 0x00000000d5580000)
  object space 285184K, 20% used [0x0000000080000000,0x0000000083a2ad60,0x0000000091680000)
 Metaspace       used 97069K, capacity 102404K, committed 104164K, reserved 1138688K
  class space    used 12904K, capacity 13952K, committed 14336K, reserved 1048576K
}
Event: 117.018 GC heap before
{Heap before GC invocations=28 (full 4):
 PSYoungGen      total 624128K, used 607850K [0x00000000d5580000, 0x00000000fdb00000, 0x0000000100000000)
  eden space 587264K, 100% used [0x00000000d5580000,0x00000000f9300000,0x00000000f9300000)
  from space 36864K, 55% used [0x00000000f9300000,0x00000000fa71aad8,0x00000000fb700000)
  to   space 36864K, 0% used [0x00000000fb700000,0x00000000fb700000,0x00000000fdb00000)
 ParOldGen       total 285184K, used 59563K [0x0000000080000000, 0x0000000091680000, 0x00000000d5580000)
  object space 285184K, 20% used [0x0000000080000000,0x0000000083a2ad60,0x0000000091680000)
 Metaspace       used 97237K, capacity 102560K, committed 104420K, reserved 1138688K
  class space    used 12908K, capacity 13956K, committed 14336K, reserved 1048576K
Event: 117.066 GC heap after
Heap after GC invocations=28 (full 4):
 PSYoungGen      total 624128K, used 2944K [0x00000000d5580000, 0x0000000100000000, 0x0000000100000000)
  eden space 587264K, 0% used [0x00000000d5580000,0x00000000d5580000,0x00000000f9300000)
  from space 36864K, 7% used [0x00000000fb700000,0x00000000fb9e0010,0x00000000fdb00000)
  to   space 36864K, 0% used [0x00000000f9300000,0x00000000f9300000,0x00000000fb700000)
 ParOldGen       total 285184K, used 70066K [0x0000000080000000, 0x0000000091680000, 0x00000000d5580000)
  object space 285184K, 24% used [0x0000000080000000,0x000000008446cb48,0x0000000091680000)
 Metaspace       used 97237K, capacity 102560K, committed 104420K, reserved 1138688K
  class space    used 12908K, capacity 13956K, committed 14336K, reserved 1048576K
}

